# JRE version: Java(TM) SE Runtime Environment (8.0_31-b13) (build 1.8.0_31-b13)
# Java VM: Java HotSpot(TM) 64-Bit Server VM (25.31-b07 mixed mode windows-amd64 compressed oops)
Heap:
 PSYoungGen      total 139776K, used 134263K [0x00000000eab00000, 0x00000000f6080000, 0x0000000100000000)
  eden space 129536K, 95% used [0x00000000eab00000,0x00000000f24246f8,0x00000000f2980000)
  from space 10240K, 99% used [0x00000000f3980000,0x00000000f4379778,0x00000000f4380000)
  to   space 16384K, 0% used [0x00000000f2980000,0x00000000f2980000,0x00000000f3980000)
 ParOldGen       total 73728K, used 39816K [0x00000000c0000000, 0x00000000c4800000, 0x00000000eab00000)
  object space 73728K, 54% used [0x00000000c0000000,0x00000000c26e2040,0x00000000c4800000)
 Metaspace       used 49913K, capacity 51962K, committed 52224K, reserved 1093632K
  class space    used 6829K, capacity 7639K, committed 7680K, reserved 1048576K
GC Heap History (10 events):
Event: 20.652 GC heap before
{Heap before GC invocations=13 (full 2):
 PSYoungGen      total 112640K, used 10180K [0x00000000eab00000, 0x00000000f4c00000, 0x0000000100000000)
  eden space 101376K, 0% used [0x00000000eab00000,0x00000000eab00000,0x00000000f0e00000)
  from space 11264K, 90% used [0x00000000f0e00000,0x00000000f17f1008,0x00000000f1900000)
  to   space 12288K, 0% used [0x00000000f4000000,0x00000000f4000000,0x00000000f4c00000)
 ParOldGen       total 39936K, used 13278K [0x00000000c0000000, 0x00000000c2700000, 0x00000000eab00000)
  object space 39936K, 33% used [0x00000000c0000000,0x00000000c0cf7958,0x00000000c2700000)
 Metaspace       used 34490K, capacity 35410K, committed 35456K, reserved 1079296K
  class space    used 4580K, capacity 4976K, committed 4992K, reserved 1048576K
Event: 21.187 GC heap after
Heap after GC invocations=13 (full 2):
 PSYoungGen      total 112640K, used 0K [0x00000000eab00000, 0x00000000f4c00000, 0x0000000100000000)
  eden space 101376K, 0% used [0x00000000eab00000,0x00000000eab00000,0x00000000f0e00000)
  from space 11264K, 0% used [0x00000000f0e00000,0x00000000f0e00000,0x00000000f1900000)
  to   space 12288K, 0% used [0x00000000f4000000,0x00000000f4000000,0x00000000f4c00000)
 ParOldGen       total 73728K, used 22592K [0x00000000c0000000, 0x00000000c4800000, 0x00000000eab00000)
  object space 73728K, 30% used [0x00000000c0000000,0x00000000c1610150,0x00000000c4800000)
 Metaspace       used 34490K, capacity 35410K, committed 35456K, reserved 1079296K
  class space    used 4580K, capacity 4976K, committed 4992K, reserved 1048576K
}
Event: 25.323 GC heap before
{Heap before GC invocations=14 (full 2):
 PSYoungGen      total 112640K, used 101376K [0x00000000eab00000, 0x00000000f4c00000, 0x0000000100000000)
  eden space 101376K, 100% used [0x00000000eab00000,0x00000000f0e00000,0x00000000f0e00000)
  from space 11264K, 0% used [0x00000000f0e00000,0x00000000f0e00000,0x00000000f1900000)
  to   space 12288K, 0% used [0x00000000f4000000,0x00000000f4000000,0x00000000f4c00000)
 ParOldGen       total 73728K, used 22592K [0x00000000c0000000, 0x00000000c4800000, 0x00000000eab00000)
  object space 73728K, 30% used [0x00000000c0000000,0x00000000c1610150,0x00000000c4800000)
 Metaspace       used 37900K, capacity 39080K, committed 39424K, reserved 1083392K
  class space    used 5065K, capacity 5505K, committed 5632K, reserved 1048576K
Event: 25.386 GC heap after
Heap after GC invocations=14 (full 2):
 PSYoungGen      total 138752K, used 12267K [0x00000000eab00000, 0x00000000f4c00000, 0x0000000100000000)
  eden space 126464K, 0% used [0x00000000eab00000,0x00000000eab00000,0x00000000f2680000)
  from space 12288K, 99% used [0x00000000f4000000,0x00000000f4bfac90,0x00000000f4c00000)
  to   space 14336K, 0% used [0x00000000f3000000,0x00000000f3000000,0x00000000f3e00000)
 ParOldGen       total 73728K, used 23362K [0x00000000c0000000, 0x00000000c4800000, 0x00000000eab00000)
  object space 73728K, 31% used [0x00000000c0000000,0x00000000c16d0998,0x00000000c4800000)
 Metaspace       used 37900K, capacity 39080K, committed 39424K, reserved 1083392K
  class space    used 5065K, capacity 5505K, committed 5632K, reserved 1048576K
}
Event: 43.469 GC heap before
{Heap before GC invocations=15 (full 2):
 PSYoungGen      total 138752K, used 132425K [0x00000000eab00000, 0x00000000f4c00000, 0x0000000100000000)
  eden space 126464K, 95% used [0x00000000eab00000,0x00000000f20578b8,0x00000000f2680000)
  from space 12288K, 99% used [0x00000000f4000000,0x00000000f4bfac90,0x00000000f4c00000)
  to   space 14336K, 0% used [0x00000000f3000000,0x00000000f3000000,0x00000000f3e00000)
 ParOldGen       total 73728K, used 23362K [0x00000000c0000000, 0x00000000c4800000, 0x00000000eab00000)
  object space 73728K, 31% used [0x00000000c0000000,0x00000000c16d0998,0x00000000c4800000)
 Metaspace       used 41634K, capacity 43002K, committed 43136K, reserved 1085440K
  class space    used 5681K, capacity 6254K, committed 6272K, reserved 1048576K
Event: 43.535 GC heap after
Heap after GC invocations=15 (full 2):
 PSYoungGen      total 136192K, used 9333K [0x00000000eab00000, 0x00000000f4380000, 0x0000000100000000)
  eden space 126464K, 0% used [0x00000000eab00000,0x00000000eab00000,0x00000000f2680000)
  from space 9728K, 95% used [0x00000000f3000000,0x00000000f391d558,0x00000000f3980000)
  to   space 10240K, 0% used [0x00000000f3980000,0x00000000f3980000,0x00000000f4380000)
 ParOldGen       total 73728K, used 34186K [0x00000000c0000000, 0x00000000c4800000, 0x00000000eab00000)
  object space 73728K, 46% used [0x00000000c0000000,0x00000000c21629c8,0x00000000c4800000)
 Metaspace       used 41634K, capacity 43002K, committed 43136K, reserved 1085440K
  class space    used 5681K, capacity 6254K, committed 6272K, reserved 1048576K
}
Event: 43.535 GC heap before
{Heap before GC invocations=16 (full 3):
 PSYoungGen      total 136192K, used 9333K [0x00000000eab00000, 0x00000000f4380000, 0x0000000100000000)
  eden space 126464K, 0% used [0x00000000eab00000,0x00000000eab00000,0x00000000f2680000)
  from space 9728K, 95% used [0x00000000f3000000,0x00000000f391d558,0x00000000f3980000)
  to   space 10240K, 0% used [0x00000000f3980000,0x00000000f3980000,0x00000000f4380000)
 ParOldGen       total 73728K, used 34186K [0x00000000c0000000, 0x00000000c4800000, 0x00000000eab00000)
  object space 73728K, 46% used [0x00000000c0000000,0x00000000c21629c8,0x00000000c4800000)
 Metaspace       used 41634K, capacity 43002K, committed 43136K, reserved 1085440K
  class space    used 5681K, capacity 6254K, committed 6272K, reserved 1048576K
Event: 44.507 GC heap after
Heap after GC invocations=16 (full 3):
 PSYoungGen      total 136192K, used 0K [0x00000000eab00000, 0x00000000f4380000, 0x0000000100000000)
  eden space 126464K, 0% used [0x00000000eab00000,0x00000000eab00000,0x00000000f2680000)
  from space 9728K, 0% used [0x00000000f3000000,0x00000000f3000000,0x00000000f3980000)
  to   space 10240K, 0% used [0x00000000f3980000,0x00000000f3980000,0x00000000f4380000)
 ParOldGen       total 73728K, used 37696K [0x00000000c0000000, 0x00000000c4800000, 0x00000000eab00000)
  object space 73728K, 51% used [0x00000000c0000000,0x00000000c24d0030,0x00000000c4800000)
 Metaspace       used 41601K, capacity 42888K, committed 43136K, reserved 1085440K
  class space    used 5673K, capacity 6220K, committed 6272K, reserved 1048576K
}
Event: 61.584 GC heap before
{Heap before GC invocations=17 (full 3):
 PSYoungGen      total 136192K, used 126464K [0x00000000eab00000, 0x00000000f4380000, 0x0000000100000000)
  eden space 126464K, 100% used [0x00000000eab00000,0x00000000f2680000,0x00000000f2680000)
  from space 9728K, 0% used [0x00000000f3000000,0x00000000f3000000,0x00000000f3980000)
  to   space 10240K, 0% used [0x00000000f3980000,0x00000000f3980000,0x00000000f4380000)
 ParOldGen       total 73728K, used 37696K [0x00000000c0000000, 0x00000000c4800000, 0x00000000eab00000)
  object space 73728K, 51% used [0x00000000c0000000,0x00000000c24d0030,0x00000000c4800000)
 Metaspace       used 47173K, capacity 48962K, committed 49280K, reserved 1091584K
  class space    used 6425K, capacity 7190K, committed 7296K, reserved 1048576K
Event: 61.620 GC heap after
Heap after GC invocations=17 (full 3):
 PSYoungGen      total 139776K, used 10213K [0x00000000eab00000, 0x00000000f6080000, 0x0000000100000000)
  eden space 129536K, 0% used [0x00000000eab00000,0x00000000eab00000,0x00000000f2980000)
  from space 10240K, 99% used [0x00000000f3980000,0x00000000f4379778,0x00000000f4380000)
  to   space 16384K, 0% used [0x00000000f2980000,0x00000000f2980000,0x00000000f3980000)
 ParOldGen       total 73728K, used 39816K [0x00000000c0000000, 0x00000000c4800000, 0x00000000eab00000)
  object space 73728K, 54% used [0x00000000c0000000,0x00000000c26e2040,0x00000000c4800000)
 Metaspace       used 47173K, capacity 48962K, committed 49280K, reserved 1091584K
  class space    used 6425K, capacity 7190K, committed 7296K, reserved 1048576K
}

