# JRE version: Java(TM) SE Runtime Environment (8.0_31-b13) (build 1.8.0_31-b13)
# Java VM: Java HotSpot(TM) 64-Bit Server VM (25.31-b07 mixed mode windows-amd64 compressed oops)
Heap:
 PSYoungGen      total 147968K, used 66798K [0x00000000eab00000, 0x00000000f6e80000, 0x0000000100000000)
  eden space 133120K, 39% used [0x00000000eab00000,0x00000000eddbd998,0x00000000f2d00000)
  from space 14848K, 99% used [0x00000000f2d00000,0x00000000f3b7e0e0,0x00000000f3b80000)
  to   space 22528K, 0% used [0x00000000f5880000,0x00000000f5880000,0x00000000f6e80000)
 ParOldGen       total 73216K, used 38348K [0x00000000c0000000, 0x00000000c4780000, 0x00000000eab00000)
  object space 73216K, 52% used [0x00000000c0000000,0x00000000c2573280,0x00000000c4780000)
 Metaspace       used 46990K, capacity 48434K, committed 48640K, reserved 1091584K
  class space    used 6287K, capacity 6888K, committed 6912K, reserved 1048576K
GC Heap History (10 events):
Event: 17.574 GC heap before
{Heap before GC invocations=11 (full 1):
 PSYoungGen      total 83968K, used 81580K [0x00000000eab00000, 0x00000000f2380000, 0x0000000100000000)
  eden space 74752K, 100% used [0x00000000eab00000,0x00000000ef400000,0x00000000ef400000)
  from space 9216K, 74% used [0x00000000ef400000,0x00000000efaab100,0x00000000efd00000)
  to   space 9728K, 0% used [0x00000000f1a00000,0x00000000f1a00000,0x00000000f2380000)
 ParOldGen       total 39936K, used 6661K [0x00000000c0000000, 0x00000000c2700000, 0x00000000eab00000)
  object space 39936K, 16% used [0x00000000c0000000,0x00000000c0681580,0x00000000c2700000)
 Metaspace       used 28935K, capacity 29708K, committed 29952K, reserved 1075200K
  class space    used 3730K, capacity 4035K, committed 4096K, reserved 1048576K
Event: 17.599 GC heap after
Heap after GC invocations=11 (full 1):
 PSYoungGen      total 111104K, used 9565K [0x00000000eab00000, 0x00000000f2400000, 0x0000000100000000)
  eden space 101376K, 0% used [0x00000000eab00000,0x00000000eab00000,0x00000000f0e00000)
  from space 9728K, 98% used [0x00000000f1a00000,0x00000000f23575b8,0x00000000f2380000)
  to   space 11264K, 0% used [0x00000000f0e00000,0x00000000f0e00000,0x00000000f1900000)
 ParOldGen       total 39936K, used 7389K [0x00000000c0000000, 0x00000000c2700000, 0x00000000eab00000)
  object space 39936K, 18% used [0x00000000c0000000,0x00000000c07375c0,0x00000000c2700000)
 Metaspace       used 28935K, capacity 29708K, committed 29952K, reserved 1075200K
  class space    used 3730K, capacity 4035K, committed 4096K, reserved 1048576K
}
Event: 20.034 GC heap before
{Heap before GC invocations=12 (full 1):
 PSYoungGen      total 111104K, used 77480K [0x00000000eab00000, 0x00000000f2400000, 0x0000000100000000)
  eden space 101376K, 66% used [0x00000000eab00000,0x00000000eed52b00,0x00000000f0e00000)
  from space 9728K, 98% used [0x00000000f1a00000,0x00000000f23575b8,0x00000000f2380000)
  to   space 11264K, 0% used [0x00000000f0e00000,0x00000000f0e00000,0x00000000f1900000)
 ParOldGen       total 39936K, used 7389K [0x00000000c0000000, 0x00000000c2700000, 0x00000000eab00000)
  object space 39936K, 18% used [0x00000000c0000000,0x00000000c07375c0,0x00000000c2700000)
 Metaspace       used 34353K, capacity 35350K, committed 35456K, reserved 1079296K
  class space    used 4577K, capacity 4976K, committed 4992K, reserved 1048576K
Event: 20.105 GC heap after
Heap after GC invocations=12 (full 1):
 PSYoungGen      total 112640K, used 9896K [0x00000000eab00000, 0x00000000f4a00000, 0x0000000100000000)
  eden space 101376K, 0% used [0x00000000eab00000,0x00000000eab00000,0x00000000f0e00000)
  from space 11264K, 87% used [0x00000000f0e00000,0x00000000f17aa058,0x00000000f1900000)
  to   space 12288K, 0% used [0x00000000f3e00000,0x00000000f3e00000,0x00000000f4a00000)
 ParOldGen       total 39936K, used 13537K [0x00000000c0000000, 0x00000000c2700000, 0x00000000eab00000)
  object space 39936K, 33% used [0x00000000c0000000,0x00000000c0d38798,0x00000000c2700000)
 Metaspace       used 34353K, capacity 35350K, committed 35456K, reserved 1079296K
  class space    used 4577K, capacity 4976K, committed 4992K, reserved 1048576K
}
Event: 20.105 GC heap before
{Heap before GC invocations=13 (full 2):
 PSYoungGen      total 112640K, used 9896K [0x00000000eab00000, 0x00000000f4a00000, 0x0000000100000000)
  eden space 101376K, 0% used [0x00000000eab00000,0x00000000eab00000,0x00000000f0e00000)
  from space 11264K, 87% used [0x00000000f0e00000,0x00000000f17aa058,0x00000000f1900000)
  to   space 12288K, 0% used [0x00000000f3e00000,0x00000000f3e00000,0x00000000f4a00000)
 ParOldGen       total 39936K, used 13537K [0x00000000c0000000, 0x00000000c2700000, 0x00000000eab00000)
  object space 39936K, 33% used [0x00000000c0000000,0x00000000c0d38798,0x00000000c2700000)
 Metaspace       used 34353K, capacity 35350K, committed 35456K, reserved 1079296K
  class space    used 4577K, capacity 4976K, committed 4992K, reserved 1048576K
Event: 20.594 GC heap after
Heap after GC invocations=13 (full 2):
 PSYoungGen      total 112640K, used 0K [0x00000000eab00000, 0x00000000f4a00000, 0x0000000100000000)
  eden space 101376K, 0% used [0x00000000eab00000,0x00000000eab00000,0x00000000f0e00000)
  from space 11264K, 0% used [0x00000000f0e00000,0x00000000f0e00000,0x00000000f1900000)
  to   space 12288K, 0% used [0x00000000f3e00000,0x00000000f3e00000,0x00000000f4a00000)
 ParOldGen       total 73216K, used 22440K [0x00000000c0000000, 0x00000000c4780000, 0x00000000eab00000)
  object space 73216K, 30% used [0x00000000c0000000,0x00000000c15ea210,0x00000000c4780000)
 Metaspace       used 34353K, capacity 35350K, committed 35456K, reserved 1079296K
  class space    used 4577K, capacity 4976K, committed 4992K, reserved 1048576K
}
Event: 23.631 GC heap before
{Heap before GC invocations=14 (full 2):
 PSYoungGen      total 112640K, used 101376K [0x00000000eab00000, 0x00000000f4a00000, 0x0000000100000000)
  eden space 101376K, 100% used [0x00000000eab00000,0x00000000f0e00000,0x00000000f0e00000)
  from space 11264K, 0% used [0x00000000f0e00000,0x00000000f0e00000,0x00000000f1900000)
  to   space 12288K, 0% used [0x00000000f3e00000,0x00000000f3e00000,0x00000000f4a00000)
 ParOldGen       total 73216K, used 22440K [0x00000000c0000000, 0x00000000c4780000, 0x00000000eab00000)
  object space 73216K, 30% used [0x00000000c0000000,0x00000000c15ea210,0x00000000c4780000)
 Metaspace       used 37896K, capacity 39124K, committed 39424K, reserved 1083392K
  class space    used 5086K, capacity 5540K, committed 5632K, reserved 1048576K
Event: 23.690 GC heap after
Heap after GC invocations=14 (full 2):
 PSYoungGen      total 138240K, used 12258K [0x00000000eab00000, 0x00000000f4a00000, 0x0000000100000000)
  eden space 125952K, 0% used [0x00000000eab00000,0x00000000eab00000,0x00000000f2600000)
  from space 12288K, 99% used [0x00000000f3e00000,0x00000000f49f8b38,0x00000000f4a00000)
  to   space 14848K, 0% used [0x00000000f2d00000,0x00000000f2d00000,0x00000000f3b80000)
 ParOldGen       total 73216K, used 23508K [0x00000000c0000000, 0x00000000c4780000, 0x00000000eab00000)
  object space 73216K, 32% used [0x00000000c0000000,0x00000000c16f52c0,0x00000000c4780000)
 Metaspace       used 37896K, capacity 39124K, committed 39424K, reserved 1083392K
  class space    used 5086K, capacity 5540K, committed 5632K, reserved 1048576K
}
Event: 32.553 GC heap before
{Heap before GC invocations=15 (full 2):
 PSYoungGen      total 138240K, used 138210K [0x00000000eab00000, 0x00000000f4a00000, 0x0000000100000000)
  eden space 125952K, 100% used [0x00000000eab00000,0x00000000f2600000,0x00000000f2600000)
  from space 12288K, 99% used [0x00000000f3e00000,0x00000000f49f8b38,0x00000000f4a00000)
  to   space 14848K, 0% used [0x00000000f2d00000,0x00000000f2d00000,0x00000000f3b80000)
 ParOldGen       total 73216K, used 23508K [0x00000000c0000000, 0x00000000c4780000, 0x00000000eab00000)
  object space 73216K, 32% used [0x00000000c0000000,0x00000000c16f52c0,0x00000000c4780000)
 Metaspace       used 45054K, capacity 46388K, committed 46592K, reserved 1089536K
  class space    used 6063K, capacity 6581K, committed 6656K, reserved 1048576K
Event: 32.685 GC heap after
Heap after GC invocations=15 (full 2):
 PSYoungGen      total 147968K, used 14840K [0x00000000eab00000, 0x00000000f6e80000, 0x0000000100000000)
  eden space 133120K, 0% used [0x00000000eab00000,0x00000000eab00000,0x00000000f2d00000)
  from space 14848K, 99% used [0x00000000f2d00000,0x00000000f3b7e0e0,0x00000000f3b80000)
  to   space 22528K, 0% used [0x00000000f5880000,0x00000000f5880000,0x00000000f6e80000)
 ParOldGen       total 73216K, used 38348K [0x00000000c0000000, 0x00000000c4780000, 0x00000000eab00000)
  object space 73216K, 52% used [0x00000000c0000000,0x00000000c2573280,0x00000000c4780000)
 Metaspace       used 45054K, capacity 46388K, committed 46592K, reserved 1089536K
  class space    used 6063K, capacity 6581K, committed 6656K, reserved 1048576K
}

